2024-10-18 10:16:56 [INFO] - Starting Main using Java 21.0.1 with PID 27212 (D:\OneDrive\java\lab\target\classes started by migulin in D:\OneDrive\java\lab)
2024-10-18 10:16:56 [INFO] - No active profile set, falling back to 1 default profile: "default"
2024-10-18 10:16:56 [INFO] - Bootstrapping Spring Data JPA repositories in DEFAULT mode.
2024-10-18 10:16:56 [INFO] - Finished Spring Data repository scanning in 38 ms. Found 3 JPA repository interfaces.
2024-10-18 10:16:56 [INFO] - Tomcat initialized with port 8080 (http)
2024-10-18 10:16:56 [INFO] - Starting service [Tomcat]
2024-10-18 10:16:56 [INFO] - Starting Servlet engine: [Apache Tomcat/10.1.30]
2024-10-18 10:16:57 [INFO] - Initializing Spring embedded WebApplicationContext
2024-10-18 10:16:57 [INFO] - Root WebApplicationContext: initialization completed in 803 ms
2024-10-18 10:16:57 [INFO] - HikariPool-1 - Starting...
2024-10-18 10:16:57 [INFO] - HikariPool-1 - Added connection conn0: url=jdbc:h2:mem:testdb user=SA
2024-10-18 10:16:57 [INFO] - HikariPool-1 - Start completed.
2024-10-18 10:16:57 [INFO] - H2 console available at '/h2-console'. Database available at 'jdbc:h2:mem:testdb'
2024-10-18 10:16:57 [INFO] - HHH000204: Processing PersistenceUnitInfo [name: default]
2024-10-18 10:16:57 [INFO] - HHH000412: Hibernate ORM core version 6.6.1.Final
2024-10-18 10:16:57 [INFO] - HHH000026: Second-level cache disabled
2024-10-18 10:16:57 [INFO] - No LoadTimeWeaver setup: ignoring JPA class transformer
2024-10-18 10:16:57 [WARN] - HHH90000025: H2Dialect does not need to be specified explicitly using 'hibernate.dialect' (remove the property setting and it will be selected by default)
2024-10-18 10:16:57 [INFO] - HHH10001005: Database info:
	Database JDBC URL [Connecting through datasource 'HikariDataSource (HikariPool-1)']
	Database driver: undefined/unknown
	Database version: 2.3.232
	Autocommit mode: undefined/unknown
	Isolation level: undefined/unknown
	Minimum pool size: undefined/unknown
	Maximum pool size: undefined/unknown
2024-10-18 10:16:58 [INFO] - HHH000489: No JTA platform available (set 'hibernate.transaction.jta.platform' to enable JTA platform integration)
2024-10-18 10:16:58 [INFO] - Initialized JPA EntityManagerFactory for persistence unit 'default'
2024-10-18 10:16:58 [WARN] - Exception encountered during context initialization - cancelling refresh attempt: org.springframework.beans.factory.UnsatisfiedDependencyException: Error creating bean with name 'movieController': Unsatisfied dependency expressed through field 'movieService': Error creating bean with name 'movieService': Unsatisfied dependency expressed through field 'responseDataToClient': No qualifying bean of type 'by.Danik.lab.models.ResponseDataToClient' available: expected at least 1 bean which qualifies as autowire candidate. Dependency annotations: {@org.springframework.beans.factory.annotation.Autowired(required=true)}
2024-10-18 10:16:58 [INFO] - Closing JPA EntityManagerFactory for persistence unit 'default'
2024-10-18 10:16:58 [INFO] - HikariPool-1 - Shutdown initiated...
2024-10-18 10:16:58 [INFO] - HikariPool-1 - Shutdown completed.
2024-10-18 10:16:58 [INFO] - Stopping service [Tomcat]
2024-10-18 10:16:58 [INFO] - 

Error starting ApplicationContext. To display the condition evaluation report re-run your application with 'debug' enabled.
2024-10-18 10:16:58 [ERROR] - 

***************************
APPLICATION FAILED TO START
***************************

Description:

Field responseDataToClient in by.Danik.lab.services.MovieService required a bean of type 'by.Danik.lab.models.ResponseDataToClient' that could not be found.

The injection point has the following annotations:
	- @org.springframework.beans.factory.annotation.Autowired(required=true)


Action:

Consider defining a bean of type 'by.Danik.lab.models.ResponseDataToClient' in your configuration.

2024-10-18 10:23:39 [INFO] - Starting Main using Java 21.0.1 with PID 25932 (D:\OneDrive\java\lab\target\classes started by migulin in D:\OneDrive\java\lab)
2024-10-18 10:23:39 [INFO] - No active profile set, falling back to 1 default profile: "default"
2024-10-18 10:23:39 [INFO] - Bootstrapping Spring Data JPA repositories in DEFAULT mode.
2024-10-18 10:23:39 [INFO] - Finished Spring Data repository scanning in 40 ms. Found 3 JPA repository interfaces.
2024-10-18 10:23:39 [INFO] - Tomcat initialized with port 8080 (http)
2024-10-18 10:23:39 [INFO] - Starting service [Tomcat]
2024-10-18 10:23:39 [INFO] - Starting Servlet engine: [Apache Tomcat/10.1.30]
2024-10-18 10:23:39 [INFO] - Initializing Spring embedded WebApplicationContext
2024-10-18 10:23:39 [INFO] - Root WebApplicationContext: initialization completed in 786 ms
2024-10-18 10:23:39 [INFO] - HikariPool-1 - Starting...
2024-10-18 10:23:39 [INFO] - HikariPool-1 - Added connection conn0: url=jdbc:h2:mem:testdb user=SA
2024-10-18 10:23:40 [INFO] - HikariPool-1 - Start completed.
2024-10-18 10:23:40 [INFO] - H2 console available at '/h2-console'. Database available at 'jdbc:h2:mem:testdb'
2024-10-18 10:23:40 [INFO] - HHH000204: Processing PersistenceUnitInfo [name: default]
2024-10-18 10:23:40 [INFO] - HHH000412: Hibernate ORM core version 6.6.1.Final
2024-10-18 10:23:40 [INFO] - HHH000026: Second-level cache disabled
2024-10-18 10:23:40 [INFO] - No LoadTimeWeaver setup: ignoring JPA class transformer
2024-10-18 10:23:40 [WARN] - HHH90000025: H2Dialect does not need to be specified explicitly using 'hibernate.dialect' (remove the property setting and it will be selected by default)
2024-10-18 10:23:40 [INFO] - HHH10001005: Database info:
	Database JDBC URL [Connecting through datasource 'HikariDataSource (HikariPool-1)']
	Database driver: undefined/unknown
	Database version: 2.3.232
	Autocommit mode: undefined/unknown
	Isolation level: undefined/unknown
	Minimum pool size: undefined/unknown
	Maximum pool size: undefined/unknown
2024-10-18 10:23:41 [INFO] - HHH000489: No JTA platform available (set 'hibernate.transaction.jta.platform' to enable JTA platform integration)
2024-10-18 10:23:41 [INFO] - Initialized JPA EntityManagerFactory for persistence unit 'default'
2024-10-18 10:23:41 [WARN] - Exception encountered during context initialization - cancelling refresh attempt: org.springframework.beans.factory.UnsatisfiedDependencyException: Error creating bean with name 'movieController': Unsatisfied dependency expressed through field 'movieService': Error creating bean with name 'movieService': Unsatisfied dependency expressed through field 'responseDataToClient': No qualifying bean of type 'by.Danik.lab.models.ResponseDataToClient' available: expected at least 1 bean which qualifies as autowire candidate. Dependency annotations: {@org.springframework.beans.factory.annotation.Autowired(required=true)}
2024-10-18 10:23:41 [INFO] - Closing JPA EntityManagerFactory for persistence unit 'default'
2024-10-18 10:23:41 [INFO] - HikariPool-1 - Shutdown initiated...
2024-10-18 10:23:41 [INFO] - HikariPool-1 - Shutdown completed.
2024-10-18 10:23:41 [INFO] - Stopping service [Tomcat]
2024-10-18 10:23:41 [INFO] - 

Error starting ApplicationContext. To display the condition evaluation report re-run your application with 'debug' enabled.
2024-10-18 10:23:41 [ERROR] - 

***************************
APPLICATION FAILED TO START
***************************

Description:

Field responseDataToClient in by.Danik.lab.services.MovieService required a bean of type 'by.Danik.lab.models.ResponseDataToClient' that could not be found.

The injection point has the following annotations:
	- @org.springframework.beans.factory.annotation.Autowired(required=true)


Action:

Consider defining a bean of type 'by.Danik.lab.models.ResponseDataToClient' in your configuration.

2024-10-18 10:26:02 [INFO] - Starting Main using Java 21.0.1 with PID 24604 (D:\OneDrive\java\lab\target\classes started by migulin in D:\OneDrive\java\lab)
2024-10-18 10:26:02 [INFO] - No active profile set, falling back to 1 default profile: "default"
2024-10-18 10:26:03 [INFO] - Bootstrapping Spring Data JPA repositories in DEFAULT mode.
2024-10-18 10:26:03 [INFO] - Finished Spring Data repository scanning in 36 ms. Found 3 JPA repository interfaces.
2024-10-18 10:26:03 [INFO] - Tomcat initialized with port 8080 (http)
2024-10-18 10:26:03 [INFO] - Starting service [Tomcat]
2024-10-18 10:26:03 [INFO] - Starting Servlet engine: [Apache Tomcat/10.1.30]
2024-10-18 10:26:03 [INFO] - Initializing Spring embedded WebApplicationContext
2024-10-18 10:26:03 [INFO] - Root WebApplicationContext: initialization completed in 765 ms
2024-10-18 10:26:03 [INFO] - HikariPool-1 - Starting...
2024-10-18 10:26:03 [INFO] - HikariPool-1 - Added connection conn0: url=jdbc:h2:mem:testdb user=SA
2024-10-18 10:26:03 [INFO] - HikariPool-1 - Start completed.
2024-10-18 10:26:03 [INFO] - H2 console available at '/h2-console'. Database available at 'jdbc:h2:mem:testdb'
2024-10-18 10:26:03 [INFO] - HHH000204: Processing PersistenceUnitInfo [name: default]
2024-10-18 10:26:03 [INFO] - HHH000412: Hibernate ORM core version 6.6.1.Final
2024-10-18 10:26:04 [INFO] - HHH000026: Second-level cache disabled
2024-10-18 10:26:04 [INFO] - No LoadTimeWeaver setup: ignoring JPA class transformer
2024-10-18 10:26:04 [WARN] - HHH90000025: H2Dialect does not need to be specified explicitly using 'hibernate.dialect' (remove the property setting and it will be selected by default)
2024-10-18 10:26:04 [INFO] - HHH10001005: Database info:
	Database JDBC URL [Connecting through datasource 'HikariDataSource (HikariPool-1)']
	Database driver: undefined/unknown
	Database version: 2.3.232
	Autocommit mode: undefined/unknown
	Isolation level: undefined/unknown
	Minimum pool size: undefined/unknown
	Maximum pool size: undefined/unknown
2024-10-18 10:26:04 [INFO] - HHH000489: No JTA platform available (set 'hibernate.transaction.jta.platform' to enable JTA platform integration)
2024-10-18 10:26:04 [INFO] - Initialized JPA EntityManagerFactory for persistence unit 'default'
2024-10-18 10:26:05 [WARN] - Exception encountered during context initialization - cancelling refresh attempt: org.springframework.beans.factory.UnsatisfiedDependencyException: Error creating bean with name 'movieController': Unsatisfied dependency expressed through field 'movieService': Error creating bean with name 'movieService': Unsatisfied dependency expressed through field 'responseDataToClient': Error creating bean with name 'responseDataToClient' defined in file [D:\OneDrive\java\lab\target\classes\by\Danik\lab\models\ResponseDataToClient.class]: Unsatisfied dependency expressed through constructor parameter 0: No qualifying bean of type 'java.lang.String' available: expected at least 1 bean which qualifies as autowire candidate. Dependency annotations: {}
2024-10-18 10:26:05 [INFO] - Closing JPA EntityManagerFactory for persistence unit 'default'
2024-10-18 10:26:05 [INFO] - HikariPool-1 - Shutdown initiated...
2024-10-18 10:26:05 [INFO] - HikariPool-1 - Shutdown completed.
2024-10-18 10:26:05 [INFO] - Stopping service [Tomcat]
2024-10-18 10:26:05 [INFO] - 

Error starting ApplicationContext. To display the condition evaluation report re-run your application with 'debug' enabled.
2024-10-18 10:26:05 [ERROR] - 

***************************
APPLICATION FAILED TO START
***************************

Description:

Parameter 0 of constructor in by.Danik.lab.models.ResponseDataToClient required a bean of type 'java.lang.String' that could not be found.

The injection point has the following annotations:
	- @org.springframework.beans.factory.annotation.Autowired(required=true)


Action:

Consider defining a bean of type 'java.lang.String' in your configuration.

2024-10-18 10:28:16 [INFO] - Starting Main using Java 21.0.1 with PID 10996 (D:\OneDrive\java\lab\target\classes started by migulin in D:\OneDrive\java\lab)
2024-10-18 10:28:16 [INFO] - No active profile set, falling back to 1 default profile: "default"
2024-10-18 10:28:16 [INFO] - Bootstrapping Spring Data JPA repositories in DEFAULT mode.
2024-10-18 10:28:16 [INFO] - Finished Spring Data repository scanning in 38 ms. Found 3 JPA repository interfaces.
2024-10-18 10:28:16 [INFO] - Tomcat initialized with port 8080 (http)
2024-10-18 10:28:16 [INFO] - Starting service [Tomcat]
2024-10-18 10:28:16 [INFO] - Starting Servlet engine: [Apache Tomcat/10.1.30]
2024-10-18 10:28:16 [INFO] - Initializing Spring embedded WebApplicationContext
2024-10-18 10:28:16 [INFO] - Root WebApplicationContext: initialization completed in 776 ms
2024-10-18 10:28:16 [INFO] - HikariPool-1 - Starting...
2024-10-18 10:28:17 [INFO] - HikariPool-1 - Added connection conn0: url=jdbc:h2:mem:testdb user=SA
2024-10-18 10:28:17 [INFO] - HikariPool-1 - Start completed.
2024-10-18 10:28:17 [INFO] - H2 console available at '/h2-console'. Database available at 'jdbc:h2:mem:testdb'
2024-10-18 10:28:17 [INFO] - HHH000204: Processing PersistenceUnitInfo [name: default]
2024-10-18 10:28:17 [INFO] - HHH000412: Hibernate ORM core version 6.6.1.Final
2024-10-18 10:28:17 [INFO] - HHH000026: Second-level cache disabled
2024-10-18 10:28:17 [INFO] - No LoadTimeWeaver setup: ignoring JPA class transformer
2024-10-18 10:28:17 [WARN] - HHH90000025: H2Dialect does not need to be specified explicitly using 'hibernate.dialect' (remove the property setting and it will be selected by default)
2024-10-18 10:28:17 [INFO] - HHH10001005: Database info:
	Database JDBC URL [Connecting through datasource 'HikariDataSource (HikariPool-1)']
	Database driver: undefined/unknown
	Database version: 2.3.232
	Autocommit mode: undefined/unknown
	Isolation level: undefined/unknown
	Minimum pool size: undefined/unknown
	Maximum pool size: undefined/unknown
2024-10-18 10:28:18 [INFO] - HHH000489: No JTA platform available (set 'hibernate.transaction.jta.platform' to enable JTA platform integration)
2024-10-18 10:28:18 [INFO] - Initialized JPA EntityManagerFactory for persistence unit 'default'
2024-10-18 10:28:18 [WARN] - Exception encountered during context initialization - cancelling refresh attempt: org.springframework.beans.factory.UnsatisfiedDependencyException: Error creating bean with name 'restTemplateInterceptor' defined in file [D:\OneDrive\java\lab\target\classes\by\Danik\lab\interceptors\RestTemplateInterceptor.class]: Unsatisfied dependency expressed through constructor parameter 0: No qualifying bean of type 'java.lang.String' available: expected at least 1 bean which qualifies as autowire candidate. Dependency annotations: {}
2024-10-18 10:28:18 [INFO] - Closing JPA EntityManagerFactory for persistence unit 'default'
2024-10-18 10:28:18 [INFO] - HikariPool-1 - Shutdown initiated...
2024-10-18 10:28:18 [INFO] - HikariPool-1 - Shutdown completed.
2024-10-18 10:28:18 [INFO] - Stopping service [Tomcat]
2024-10-18 10:28:18 [INFO] - 

Error starting ApplicationContext. To display the condition evaluation report re-run your application with 'debug' enabled.
2024-10-18 10:28:18 [ERROR] - 

***************************
APPLICATION FAILED TO START
***************************

Description:

Parameter 0 of constructor in by.Danik.lab.interceptors.RestTemplateInterceptor required a bean of type 'java.lang.String' that could not be found.


Action:

Consider defining a bean of type 'java.lang.String' in your configuration.

2024-10-18 10:28:56 [INFO] - Starting Main using Java 21.0.1 with PID 23168 (D:\OneDrive\java\lab\target\classes started by migulin in D:\OneDrive\java\lab)
2024-10-18 10:28:56 [INFO] - No active profile set, falling back to 1 default profile: "default"
2024-10-18 10:28:56 [INFO] - Bootstrapping Spring Data JPA repositories in DEFAULT mode.
2024-10-18 10:28:57 [INFO] - Finished Spring Data repository scanning in 39 ms. Found 3 JPA repository interfaces.
2024-10-18 10:28:57 [INFO] - Tomcat initialized with port 8080 (http)
2024-10-18 10:28:57 [INFO] - Starting service [Tomcat]
2024-10-18 10:28:57 [INFO] - Starting Servlet engine: [Apache Tomcat/10.1.30]
2024-10-18 10:28:57 [INFO] - Initializing Spring embedded WebApplicationContext
2024-10-18 10:28:57 [INFO] - Root WebApplicationContext: initialization completed in 782 ms
2024-10-18 10:28:57 [INFO] - HikariPool-1 - Starting...
2024-10-18 10:28:57 [INFO] - HikariPool-1 - Added connection conn0: url=jdbc:h2:mem:testdb user=SA
2024-10-18 10:28:57 [INFO] - HikariPool-1 - Start completed.
2024-10-18 10:28:57 [INFO] - H2 console available at '/h2-console'. Database available at 'jdbc:h2:mem:testdb'
2024-10-18 10:28:57 [INFO] - HHH000204: Processing PersistenceUnitInfo [name: default]
2024-10-18 10:28:57 [INFO] - HHH000412: Hibernate ORM core version 6.6.1.Final
2024-10-18 10:28:57 [INFO] - HHH000026: Second-level cache disabled
2024-10-18 10:28:57 [INFO] - No LoadTimeWeaver setup: ignoring JPA class transformer
2024-10-18 10:28:57 [WARN] - HHH90000025: H2Dialect does not need to be specified explicitly using 'hibernate.dialect' (remove the property setting and it will be selected by default)
2024-10-18 10:28:57 [INFO] - HHH10001005: Database info:
	Database JDBC URL [Connecting through datasource 'HikariDataSource (HikariPool-1)']
	Database driver: undefined/unknown
	Database version: 2.3.232
	Autocommit mode: undefined/unknown
	Isolation level: undefined/unknown
	Minimum pool size: undefined/unknown
	Maximum pool size: undefined/unknown
2024-10-18 10:28:58 [INFO] - HHH000489: No JTA platform available (set 'hibernate.transaction.jta.platform' to enable JTA platform integration)
2024-10-18 10:28:58 [INFO] - Initialized JPA EntityManagerFactory for persistence unit 'default'
2024-10-18 10:28:58 [WARN] - spring.jpa.open-in-view is enabled by default. Therefore, database queries may be performed during view rendering. Explicitly configure spring.jpa.open-in-view to disable this warning
2024-10-18 10:28:59 [INFO] - Tomcat started on port 8080 (http) with context path '/'
2024-10-18 10:28:59 [INFO] - Started Main in 2.79 seconds (process running for 3.006)
2024-10-18 10:29:04 [INFO] - Initializing Spring DispatcherServlet 'dispatcherServlet'
2024-10-18 10:29:04 [INFO] - Initializing Servlet 'dispatcherServlet'
2024-10-18 10:29:04 [INFO] - Completed initialization in 1 ms
2024-10-18 10:29:04 [WARN] - response = [] response = 200 handler = class org.springframework.web.method.HandlerMethod
2024-10-18 10:29:04 [INFO] - -------Пришёл запрос: метод = GET endpoint = /movies---------------------------- 
2024-10-18 10:29:04 [ERROR] - параметры запроса MovieRequestParams(title=k, page=1, limit=1)
2024-10-18 10:29:05 [INFO] - был выполнен запрос к API кинопоиска
2024-10-18 10:29:05 [INFO] - Количество фильмов в ответе =1
2024-10-18 10:29:11 [WARN] - response = [] response = 200 handler = class org.springframework.web.method.HandlerMethod
2024-10-18 10:29:11 [INFO] - -------Пришёл запрос: метод = GET endpoint = /movies---------------------------- 
2024-10-18 10:29:11 [ERROR] - параметры запроса MovieRequestParams(title=k, page=1, limit=1)
2024-10-18 10:29:11 [INFO] - Ответ был отдан из кеша
2024-10-18 10:29:11 [INFO] - Количество фильмов в ответе =1
2024-10-18 10:29:18 [WARN] - response = [] response = 200 handler = class org.springframework.web.method.HandlerMethod
2024-10-18 10:29:18 [INFO] - -------Пришёл запрос: метод = GET endpoint = /movies---------------------------- 
2024-10-18 10:29:18 [ERROR] - параметры запроса MovieRequestParams(title=k, page=1, limit=1)
2024-10-18 10:29:18 [INFO] - Ответ был отдан из кеша
2024-10-18 10:29:18 [INFO] - Количество фильмов в ответе =1
2024-10-18 10:29:26 [WARN] - response = [] response = 200 handler = class org.springframework.web.method.HandlerMethod
2024-10-18 10:29:26 [INFO] - -------Пришёл запрос: метод = GET endpoint = /movies---------------------------- 
2024-10-18 10:29:26 [ERROR] - параметры запроса MovieRequestParams(title=шгщгшщг, page=1, limit=1)
2024-10-18 10:29:26 [INFO] - был выполнен запрос к API кинопоиска
2024-10-18 10:29:26 [INFO] - По запросу ничего не нашлось
2024-10-18 10:31:14 [INFO] - Starting Main using Java 21.0.1 with PID 27012 (D:\OneDrive\java\lab\target\classes started by migulin in D:\OneDrive\java\lab)
2024-10-18 10:31:14 [INFO] - No active profile set, falling back to 1 default profile: "default"
2024-10-18 10:31:14 [INFO] - Bootstrapping Spring Data JPA repositories in DEFAULT mode.
2024-10-18 10:31:14 [INFO] - Finished Spring Data repository scanning in 37 ms. Found 3 JPA repository interfaces.
2024-10-18 10:31:14 [INFO] - Tomcat initialized with port 8080 (http)
2024-10-18 10:31:14 [INFO] - Starting service [Tomcat]
2024-10-18 10:31:14 [INFO] - Starting Servlet engine: [Apache Tomcat/10.1.30]
2024-10-18 10:31:14 [INFO] - Initializing Spring embedded WebApplicationContext
2024-10-18 10:31:14 [INFO] - Root WebApplicationContext: initialization completed in 775 ms
2024-10-18 10:31:14 [INFO] - HikariPool-1 - Starting...
2024-10-18 10:31:15 [INFO] - HikariPool-1 - Added connection conn0: url=jdbc:h2:mem:testdb user=SA
2024-10-18 10:31:15 [INFO] - HikariPool-1 - Start completed.
2024-10-18 10:31:15 [INFO] - H2 console available at '/h2-console'. Database available at 'jdbc:h2:mem:testdb'
2024-10-18 10:31:15 [INFO] - HHH000204: Processing PersistenceUnitInfo [name: default]
2024-10-18 10:31:15 [INFO] - HHH000412: Hibernate ORM core version 6.6.1.Final
2024-10-18 10:31:15 [INFO] - HHH000026: Second-level cache disabled
2024-10-18 10:31:15 [INFO] - No LoadTimeWeaver setup: ignoring JPA class transformer
2024-10-18 10:31:15 [WARN] - HHH90000025: H2Dialect does not need to be specified explicitly using 'hibernate.dialect' (remove the property setting and it will be selected by default)
2024-10-18 10:31:15 [INFO] - HHH10001005: Database info:
	Database JDBC URL [Connecting through datasource 'HikariDataSource (HikariPool-1)']
	Database driver: undefined/unknown
	Database version: 2.3.232
	Autocommit mode: undefined/unknown
	Isolation level: undefined/unknown
	Minimum pool size: undefined/unknown
	Maximum pool size: undefined/unknown
2024-10-18 10:31:16 [INFO] - HHH000489: No JTA platform available (set 'hibernate.transaction.jta.platform' to enable JTA platform integration)
2024-10-18 10:31:16 [INFO] - Initialized JPA EntityManagerFactory for persistence unit 'default'
2024-10-18 10:31:16 [WARN] - Exception encountered during context initialization - cancelling refresh attempt: org.springframework.beans.factory.UnsatisfiedDependencyException: Error creating bean with name 'appConfig': Unsatisfied dependency expressed through field 'clientInterceptor': No qualifying bean of type 'by.Danik.lab.interceptors.ClientInterceptor' available: expected at least 1 bean which qualifies as autowire candidate. Dependency annotations: {@org.springframework.beans.factory.annotation.Autowired(required=true)}
2024-10-18 10:31:16 [INFO] - Closing JPA EntityManagerFactory for persistence unit 'default'
2024-10-18 10:31:16 [INFO] - HikariPool-1 - Shutdown initiated...
2024-10-18 10:31:16 [INFO] - HikariPool-1 - Shutdown completed.
2024-10-18 10:31:16 [INFO] - Stopping service [Tomcat]
2024-10-18 10:31:16 [INFO] - 

Error starting ApplicationContext. To display the condition evaluation report re-run your application with 'debug' enabled.
2024-10-18 10:31:16 [ERROR] - 

***************************
APPLICATION FAILED TO START
***************************

Description:

Field clientInterceptor in by.Danik.lab.AppConfig required a bean of type 'by.Danik.lab.interceptors.ClientInterceptor' that could not be found.

The injection point has the following annotations:
	- @org.springframework.beans.factory.annotation.Autowired(required=true)


Action:

Consider defining a bean of type 'by.Danik.lab.interceptors.ClientInterceptor' in your configuration.

2024-10-18 10:31:38 [INFO] - Starting Main using Java 21.0.1 with PID 10256 (D:\OneDrive\java\lab\target\classes started by migulin in D:\OneDrive\java\lab)
2024-10-18 10:31:38 [INFO] - No active profile set, falling back to 1 default profile: "default"
2024-10-18 10:31:39 [INFO] - Bootstrapping Spring Data JPA repositories in DEFAULT mode.
2024-10-18 10:31:39 [INFO] - Finished Spring Data repository scanning in 36 ms. Found 3 JPA repository interfaces.
2024-10-18 10:31:39 [INFO] - Tomcat initialized with port 8080 (http)
2024-10-18 10:31:39 [INFO] - Starting service [Tomcat]
2024-10-18 10:31:39 [INFO] - Starting Servlet engine: [Apache Tomcat/10.1.30]
2024-10-18 10:31:39 [INFO] - Initializing Spring embedded WebApplicationContext
2024-10-18 10:31:39 [INFO] - Root WebApplicationContext: initialization completed in 775 ms
2024-10-18 10:31:39 [INFO] - HikariPool-1 - Starting...
2024-10-18 10:31:39 [INFO] - HikariPool-1 - Added connection conn0: url=jdbc:h2:mem:testdb user=SA
2024-10-18 10:31:39 [INFO] - HikariPool-1 - Start completed.
2024-10-18 10:31:39 [INFO] - H2 console available at '/h2-console'. Database available at 'jdbc:h2:mem:testdb'
2024-10-18 10:31:39 [INFO] - HHH000204: Processing PersistenceUnitInfo [name: default]
2024-10-18 10:31:39 [INFO] - HHH000412: Hibernate ORM core version 6.6.1.Final
2024-10-18 10:31:39 [INFO] - HHH000026: Second-level cache disabled
2024-10-18 10:31:40 [INFO] - No LoadTimeWeaver setup: ignoring JPA class transformer
2024-10-18 10:31:40 [WARN] - HHH90000025: H2Dialect does not need to be specified explicitly using 'hibernate.dialect' (remove the property setting and it will be selected by default)
2024-10-18 10:31:40 [INFO] - HHH10001005: Database info:
	Database JDBC URL [Connecting through datasource 'HikariDataSource (HikariPool-1)']
	Database driver: undefined/unknown
	Database version: 2.3.232
	Autocommit mode: undefined/unknown
	Isolation level: undefined/unknown
	Minimum pool size: undefined/unknown
	Maximum pool size: undefined/unknown
2024-10-18 10:31:40 [INFO] - HHH000489: No JTA platform available (set 'hibernate.transaction.jta.platform' to enable JTA platform integration)
2024-10-18 10:31:40 [INFO] - Initialized JPA EntityManagerFactory for persistence unit 'default'
2024-10-18 10:31:41 [WARN] - spring.jpa.open-in-view is enabled by default. Therefore, database queries may be performed during view rendering. Explicitly configure spring.jpa.open-in-view to disable this warning
2024-10-18 10:31:41 [INFO] - Tomcat started on port 8080 (http) with context path '/'
2024-10-18 10:31:41 [INFO] - Started Main in 2.829 seconds (process running for 3.038)
2024-10-18 11:10:13 [INFO] - Starting Main using Java 21.0.1 with PID 20508 (D:\OneDrive\java\lab\target\classes started by migulin in D:\OneDrive\java\lab)
2024-10-18 11:10:13 [INFO] - No active profile set, falling back to 1 default profile: "default"
2024-10-18 11:10:14 [INFO] - Bootstrapping Spring Data JPA repositories in DEFAULT mode.
2024-10-18 11:10:14 [INFO] - Finished Spring Data repository scanning in 37 ms. Found 3 JPA repository interfaces.
2024-10-18 11:10:14 [INFO] - Tomcat initialized with port 8080 (http)
2024-10-18 11:10:14 [INFO] - Starting service [Tomcat]
2024-10-18 11:10:14 [INFO] - Starting Servlet engine: [Apache Tomcat/10.1.30]
2024-10-18 11:10:14 [INFO] - Initializing Spring embedded WebApplicationContext
2024-10-18 11:10:14 [INFO] - Root WebApplicationContext: initialization completed in 763 ms
2024-10-18 11:10:14 [INFO] - HikariPool-1 - Starting...
2024-10-18 11:10:14 [INFO] - HikariPool-1 - Added connection conn0: url=jdbc:h2:mem:testdb user=SA
2024-10-18 11:10:14 [INFO] - HikariPool-1 - Start completed.
2024-10-18 11:10:14 [INFO] - H2 console available at '/h2-console'. Database available at 'jdbc:h2:mem:testdb'
2024-10-18 11:10:14 [INFO] - HHH000204: Processing PersistenceUnitInfo [name: default]
2024-10-18 11:10:14 [INFO] - HHH000412: Hibernate ORM core version 6.6.1.Final
2024-10-18 11:10:14 [INFO] - HHH000026: Second-level cache disabled
2024-10-18 11:10:15 [INFO] - No LoadTimeWeaver setup: ignoring JPA class transformer
2024-10-18 11:10:15 [WARN] - HHH90000025: H2Dialect does not need to be specified explicitly using 'hibernate.dialect' (remove the property setting and it will be selected by default)
2024-10-18 11:10:15 [INFO] - HHH10001005: Database info:
	Database JDBC URL [Connecting through datasource 'HikariDataSource (HikariPool-1)']
	Database driver: undefined/unknown
	Database version: 2.3.232
	Autocommit mode: undefined/unknown
	Isolation level: undefined/unknown
	Minimum pool size: undefined/unknown
	Maximum pool size: undefined/unknown
2024-10-18 11:10:15 [INFO] - HHH000489: No JTA platform available (set 'hibernate.transaction.jta.platform' to enable JTA platform integration)
2024-10-18 11:10:15 [INFO] - Initialized JPA EntityManagerFactory for persistence unit 'default'
2024-10-18 11:10:16 [WARN] - spring.jpa.open-in-view is enabled by default. Therefore, database queries may be performed during view rendering. Explicitly configure spring.jpa.open-in-view to disable this warning
2024-10-18 11:10:16 [INFO] - Tomcat started on port 8080 (http) with context path '/'
2024-10-18 11:10:16 [INFO] - Started Main in 2.827 seconds (process running for 3.044)
2024-10-18 11:10:26 [INFO] - Initializing Spring DispatcherServlet 'dispatcherServlet'
2024-10-18 11:10:26 [INFO] - Initializing Servlet 'dispatcherServlet'
2024-10-18 11:10:26 [INFO] - Completed initialization in 0 ms
2024-10-18 11:10:26 [ERROR] - параметры запроса MovieRequestParams(title=sпопрв, page=1, limit=1)
2024-10-18 11:10:28 [INFO] - был выполнен запрос к API кинопоиска
2024-10-18 11:10:28 [INFO] - Количество фильмов в ответе =1
2024-10-18 11:10:28 [INFO] - --------------------Запрос закончился------------------------
2024-10-18 11:10:46 [ERROR] - параметры запроса MovieRequestParams(title=sпопрв, page=1, limit=1)
2024-10-18 11:10:46 [INFO] - Ответ был отдан из кеша
2024-10-18 11:10:46 [INFO] - Количество фильмов в ответе =1
2024-10-18 11:10:46 [ERROR] - параметры запроса MovieRequestParams(title=sdsd, page=1, limit=1)
2024-10-18 11:10:49 [INFO] - был выполнен запрос к API кинопоиска
2024-10-18 11:10:49 [INFO] - По запросу ничего не нашлось
2024-10-18 11:10:49 [INFO] - --------------------Запрос закончился------------------------
2024-10-18 12:09:28 [INFO] - Starting Main using Java 21.0.1 with PID 14644 (D:\OneDrive\java\lab\target\classes started by migulin in D:\OneDrive\java\lab)
2024-10-18 12:09:28 [INFO] - No active profile set, falling back to 1 default profile: "default"
2024-10-18 12:09:29 [INFO] - Bootstrapping Spring Data JPA repositories in DEFAULT mode.
2024-10-18 12:09:29 [INFO] - Finished Spring Data repository scanning in 37 ms. Found 3 JPA repository interfaces.
2024-10-18 12:09:29 [INFO] - Tomcat initialized with port 8080 (http)
2024-10-18 12:09:29 [INFO] - Starting service [Tomcat]
2024-10-18 12:09:29 [INFO] - Starting Servlet engine: [Apache Tomcat/10.1.30]
2024-10-18 12:09:29 [INFO] - Initializing Spring embedded WebApplicationContext
2024-10-18 12:09:29 [INFO] - Root WebApplicationContext: initialization completed in 781 ms
2024-10-18 12:09:29 [INFO] - HikariPool-1 - Starting...
2024-10-18 12:09:29 [INFO] - HikariPool-1 - Added connection conn0: url=jdbc:h2:mem:testdb user=SA
2024-10-18 12:09:29 [INFO] - HikariPool-1 - Start completed.
2024-10-18 12:09:29 [INFO] - H2 console available at '/h2-console'. Database available at 'jdbc:h2:mem:testdb'
2024-10-18 12:09:29 [INFO] - HHH000204: Processing PersistenceUnitInfo [name: default]
2024-10-18 12:09:29 [INFO] - HHH000412: Hibernate ORM core version 6.6.1.Final
2024-10-18 12:09:29 [INFO] - HHH000026: Second-level cache disabled
2024-10-18 12:09:30 [INFO] - No LoadTimeWeaver setup: ignoring JPA class transformer
2024-10-18 12:09:30 [WARN] - HHH90000025: H2Dialect does not need to be specified explicitly using 'hibernate.dialect' (remove the property setting and it will be selected by default)
2024-10-18 12:09:30 [INFO] - HHH10001005: Database info:
	Database JDBC URL [Connecting through datasource 'HikariDataSource (HikariPool-1)']
	Database driver: undefined/unknown
	Database version: 2.3.232
	Autocommit mode: undefined/unknown
	Isolation level: undefined/unknown
	Minimum pool size: undefined/unknown
	Maximum pool size: undefined/unknown
2024-10-18 12:09:30 [INFO] - HHH000489: No JTA platform available (set 'hibernate.transaction.jta.platform' to enable JTA platform integration)
2024-10-18 12:09:30 [INFO] - Initialized JPA EntityManagerFactory for persistence unit 'default'
2024-10-18 12:09:31 [WARN] - spring.jpa.open-in-view is enabled by default. Therefore, database queries may be performed during view rendering. Explicitly configure spring.jpa.open-in-view to disable this warning
2024-10-18 12:09:31 [INFO] - Tomcat started on port 8080 (http) with context path '/'
2024-10-18 12:09:31 [INFO] - Started Main in 2.842 seconds (process running for 3.06)
2024-10-18 12:09:36 [INFO] - Initializing Spring DispatcherServlet 'dispatcherServlet'
2024-10-18 12:09:36 [INFO] - Initializing Servlet 'dispatcherServlet'
2024-10-18 12:09:36 [INFO] - Completed initialization in 1 ms
2024-10-18 12:09:36 [ERROR] - параметры запроса MovieRequestParams(title=sпопрв, page=1, limit=1)
2024-10-18 12:09:38 [INFO] - был выполнен запрос к API кинопоиска
2024-10-18 12:09:38 [INFO] - Количество фильмов в ответе =1
2024-10-18 12:09:38 [ERROR] - параметры запроса MovieRequestParams(title=sdsd, page=1, limit=1)
2024-10-18 12:09:38 [INFO] - был выполнен запрос к API кинопоиска
2024-10-18 12:09:38 [INFO] - был удалён как минимум один фильм с пустым именем
2024-10-18 12:09:38 [INFO] - По запросу ничего не нашлось
2024-10-18 12:09:38 [INFO] - --------------------Запрос закончился------------------------
2024-10-18 12:09:47 [ERROR] - параметры запроса MovieRequestParams(title=sпопрв, page=1, limit=1)
2024-10-18 12:09:47 [INFO] - Ответ был отдан из кеша
2024-10-18 12:09:47 [INFO] - Количество фильмов в ответе =1
2024-10-18 12:09:47 [ERROR] - параметры запроса MovieRequestParams(title=, page=1, limit=1)
2024-10-18 12:09:47 [INFO] - был выполнен запрос к API кинопоиска
2024-10-18 12:09:47 [INFO] - Количество фильмов в ответе =1
2024-10-18 12:09:47 [INFO] - --------------------Запрос закончился------------------------
2024-10-18 12:09:55 [ERROR] - параметры запроса MovieRequestParams(title=sпопрв, page=1, limit=1)
2024-10-18 12:09:55 [INFO] - Ответ был отдан из кеша
2024-10-18 12:09:55 [INFO] - Количество фильмов в ответе =1
2024-10-18 12:09:55 [ERROR] - параметры запроса MovieRequestParams(title=хх, page=1, limit=1)
2024-10-18 12:09:55 [INFO] - был выполнен запрос к API кинопоиска
2024-10-18 12:09:55 [INFO] - Количество фильмов в ответе =1
2024-10-18 12:09:55 [INFO] - --------------------Запрос закончился------------------------
2024-10-18 12:11:09 [INFO] - Starting Main using Java 21.0.1 with PID 30600 (D:\OneDrive\java\lab\target\classes started by migulin in D:\OneDrive\java\lab)
2024-10-18 12:11:09 [INFO] - No active profile set, falling back to 1 default profile: "default"
2024-10-18 12:11:09 [INFO] - Bootstrapping Spring Data JPA repositories in DEFAULT mode.
2024-10-18 12:11:09 [INFO] - Finished Spring Data repository scanning in 38 ms. Found 3 JPA repository interfaces.
2024-10-18 12:11:10 [INFO] - Tomcat initialized with port 8080 (http)
2024-10-18 12:11:10 [INFO] - Starting service [Tomcat]
2024-10-18 12:11:10 [INFO] - Starting Servlet engine: [Apache Tomcat/10.1.30]
2024-10-18 12:11:10 [INFO] - Initializing Spring embedded WebApplicationContext
2024-10-18 12:11:10 [INFO] - Root WebApplicationContext: initialization completed in 786 ms
2024-10-18 12:11:10 [INFO] - HikariPool-1 - Starting...
2024-10-18 12:11:10 [INFO] - HikariPool-1 - Added connection conn0: url=jdbc:h2:mem:testdb user=SA
2024-10-18 12:11:10 [INFO] - HikariPool-1 - Start completed.
2024-10-18 12:11:10 [INFO] - H2 console available at '/h2-console'. Database available at 'jdbc:h2:mem:testdb'
2024-10-18 12:11:10 [INFO] - HHH000204: Processing PersistenceUnitInfo [name: default]
2024-10-18 12:11:10 [INFO] - HHH000412: Hibernate ORM core version 6.6.1.Final
2024-10-18 12:11:10 [INFO] - HHH000026: Second-level cache disabled
2024-10-18 12:11:10 [INFO] - No LoadTimeWeaver setup: ignoring JPA class transformer
2024-10-18 12:11:10 [WARN] - HHH90000025: H2Dialect does not need to be specified explicitly using 'hibernate.dialect' (remove the property setting and it will be selected by default)
2024-10-18 12:11:10 [INFO] - HHH10001005: Database info:
	Database JDBC URL [Connecting through datasource 'HikariDataSource (HikariPool-1)']
	Database driver: undefined/unknown
	Database version: 2.3.232
	Autocommit mode: undefined/unknown
	Isolation level: undefined/unknown
	Minimum pool size: undefined/unknown
	Maximum pool size: undefined/unknown
2024-10-18 12:11:11 [INFO] - HHH000489: No JTA platform available (set 'hibernate.transaction.jta.platform' to enable JTA platform integration)
2024-10-18 12:11:11 [INFO] - Initialized JPA EntityManagerFactory for persistence unit 'default'
2024-10-18 12:11:11 [WARN] - spring.jpa.open-in-view is enabled by default. Therefore, database queries may be performed during view rendering. Explicitly configure spring.jpa.open-in-view to disable this warning
2024-10-18 12:11:11 [INFO] - Tomcat started on port 8080 (http) with context path '/'
2024-10-18 12:11:11 [INFO] - Started Main in 2.795 seconds (process running for 3.036)
2024-10-18 12:11:15 [INFO] - Initializing Spring DispatcherServlet 'dispatcherServlet'
2024-10-18 12:11:15 [INFO] - Initializing Servlet 'dispatcherServlet'
2024-10-18 12:11:15 [INFO] - Completed initialization in 2 ms
2024-10-18 12:11:15 [ERROR] - параметры запроса MovieRequestParams(title=sпопрв, page=1, limit=10)
2024-10-18 12:11:15 [INFO] - был выполнен запрос к API кинопоиска
2024-10-18 12:11:16 [INFO] - Количество фильмов в ответе =10
2024-10-18 12:11:16 [ERROR] - параметры запроса MovieRequestParams(title=хх, page=1, limit=10)
2024-10-18 12:11:16 [INFO] - был выполнен запрос к API кинопоиска
2024-10-18 12:11:16 [INFO] - Количество фильмов в ответе =10
2024-10-18 12:11:16 [INFO] - --------------------Запрос закончился------------------------
2024-10-18 12:12:20 [WARN] - Был запрошен не существующий endpoint: /favicon.ico параметры: null метод: GET
2024-10-18 12:12:20 [INFO] - --------------------Запрос закончился------------------------
2024-10-18 12:14:40 [ERROR] - параметры запроса MovieRequestParams(title=шгщгшщг, page=1, limit=1)
2024-10-18 12:14:41 [INFO] - был выполнен запрос к API кинопоиска
2024-10-18 12:14:41 [INFO] - По запросу ничего не нашлось
2024-10-18 12:14:41 [INFO] - --------------------Запрос закончился------------------------
2024-10-18 12:14:45 [ERROR] - параметры запроса MovieRequestParams(title=фы, page=1, limit=1)
2024-10-18 12:14:45 [INFO] - был выполнен запрос к API кинопоиска
2024-10-18 12:14:45 [INFO] - Количество фильмов в ответе =1
2024-10-18 12:14:45 [INFO] - --------------------Запрос закончился------------------------
2024-10-18 12:15:42 [ERROR] - параметры запроса MovieRequestParams(title=sd, page=1, limit=1)
2024-10-18 12:15:42 [INFO] - был выполнен запрос к API кинопоиска
2024-10-18 12:15:42 [INFO] - был удалён как минимум один фильм с пустым именем
2024-10-18 12:15:42 [INFO] - По запросу ничего не нашлось
2024-10-18 12:15:42 [INFO] - --------------------Запрос закончился------------------------
2024-10-18 12:15:53 [ERROR] - параметры запроса MovieRequestParams(title=sd, page=1, limit=1)
2024-10-18 12:15:53 [INFO] - Ответ был отдан из кеша
2024-10-18 12:15:53 [INFO] - был удалён как минимум один фильм с пустым именем
2024-10-18 12:15:53 [INFO] - По запросу ничего не нашлось
2024-10-18 12:15:53 [INFO] - --------------------Запрос закончился------------------------
2024-10-18 12:15:59 [ERROR] - параметры запроса MovieRequestParams(title=s, page=1, limit=1)
2024-10-18 12:15:59 [INFO] - был выполнен запрос к API кинопоиска
2024-10-18 12:15:59 [INFO] - Количество фильмов в ответе =1
2024-10-18 12:15:59 [INFO] - --------------------Запрос закончился------------------------
2024-10-18 12:17:00 [ERROR] - параметры запроса MovieRequestParams(title=s, page=1, limit=1)
2024-10-18 12:17:00 [INFO] - Ответ был отдан из кеша
2024-10-18 12:17:00 [INFO] - Количество фильмов в ответе =1
2024-10-18 12:17:00 [INFO] - --------------------Запрос закончился------------------------
2024-10-18 12:17:02 [ERROR] - параметры запроса MovieRequestParams(title=s, page=1, limit=1)
2024-10-18 12:17:02 [INFO] - Ответ был отдан из кеша
2024-10-18 12:17:02 [INFO] - Количество фильмов в ответе =1
2024-10-18 12:17:02 [INFO] - --------------------Запрос закончился------------------------
2024-10-18 12:17:04 [ERROR] - параметры запроса MovieRequestParams(title=s, page=1, limit=1)
2024-10-18 12:17:04 [INFO] - Ответ был отдан из кеша
2024-10-18 12:17:04 [INFO] - Количество фильмов в ответе =1
2024-10-18 12:17:04 [INFO] - --------------------Запрос закончился------------------------
2024-10-18 12:17:08 [ERROR] - параметры запроса MovieRequestParams(title=s, page=1, limit=1)
2024-10-18 12:17:08 [INFO] - Ответ был отдан из кеша
2024-10-18 12:17:08 [INFO] - Количество фильмов в ответе =1
2024-10-18 12:17:08 [INFO] - --------------------Запрос закончился------------------------
